<?xml version="1.0" encoding="UTF-8"?>
<testng-results ignored="0" total="2" passed="2" failed="0" skipped="0">
  <reporter-output>
  </reporter-output>
  <suite started-at="2021-03-31T13:17:36 CST" name="ExecuteTests" finished-at="2021-03-31T13:20:16 CST" duration-ms="160453">
    <groups>
    </groups>
    <test started-at="2021-03-31T13:17:36 CST" name="Test Add Delegate" finished-at="2021-03-31T13:19:00 CST" duration-ms="83659">
      <class name="UnitTest.AddDelegate">
        <test-method is-config="true" signature="openBrowser()[pri:0, instance:UnitTest.AddDelegate@3c153a1]" started-at="2021-03-31T13:17:36 CST" name="openBrowser" finished-at="2021-03-31T13:17:41 CST" duration-ms="4764" status="PASS">
          <reporter-output>
          </reporter-output>
        </test-method> <!-- openBrowser -->
        <test-method signature="TestAddDelegate()[pri:1, instance:UnitTest.AddDelegate@3c153a1]" started-at="2021-03-31T13:17:41 CST" name="TestAddDelegate" finished-at="2021-03-31T13:19:00 CST" duration-ms="78867" status="PASS">
          <reporter-output>
          </reporter-output>
        </test-method> <!-- TestAddDelegate -->
      </class> <!-- UnitTest.AddDelegate -->
    </test> <!-- Test Add Delegate -->
    <test started-at="2021-03-31T13:19:00 CST" name="Test Submit All Review - YES" finished-at="2021-03-31T13:20:16 CST" duration-ms="76752">
      <class name="UnitTest.SubmitNewReviewAllYes">
        <test-method is-config="true" signature="openBrowser()[pri:0, instance:UnitTest.SubmitNewReviewAllYes@5a955565]" started-at="2021-03-31T13:19:00 CST" name="openBrowser" finished-at="2021-03-31T13:19:04 CST" duration-ms="4537" status="PASS">
          <reporter-output>
          </reporter-output>
        </test-method> <!-- openBrowser -->
        <test-method signature="TestSubmitNewReview()[pri:1, instance:UnitTest.SubmitNewReviewAllYes@5a955565]" started-at="2021-03-31T13:19:04 CST" name="TestSubmitNewReview" finished-at="2021-03-31T13:20:16 CST" duration-ms="72214" status="PASS">
          <reporter-output>
          </reporter-output>
        </test-method> <!-- TestSubmitNewReview -->
      </class> <!-- UnitTest.SubmitNewReviewAllYes -->
    </test> <!-- Test Submit All Review - YES -->
  </suite> <!-- ExecuteTests -->
</testng-results>
