<?xml version="1.0" encoding="UTF-8"?>
<testng-results ignored="0" total="2" passed="2" failed="0" skipped="0">
  <reporter-output>
  </reporter-output>
  <suite started-at="2021-03-31T07:41:04 CST" name="ExecuteTests" finished-at="2021-03-31T07:43:55 CST" duration-ms="171157">
    <groups>
    </groups>
    <test started-at="2021-03-31T07:41:04 CST" name="Test Add Delegate" finished-at="2021-03-31T07:42:12 CST" duration-ms="68705">
      <class name="UnitTest.AddDelegate">
        <test-method is-config="true" signature="openBrowser()[pri:0, instance:UnitTest.AddDelegate@3c153a1]" started-at="2021-03-31T07:41:04 CST" name="openBrowser" finished-at="2021-03-31T07:41:10 CST" duration-ms="6114" status="PASS">
          <reporter-output>
          </reporter-output>
        </test-method> <!-- openBrowser -->
        <test-method signature="TestAddDelegate()[pri:1, instance:UnitTest.AddDelegate@3c153a1]" started-at="2021-03-31T07:41:10 CST" name="TestAddDelegate" finished-at="2021-03-31T07:42:12 CST" duration-ms="62542" status="PASS">
          <reporter-output>
          </reporter-output>
        </test-method> <!-- TestAddDelegate -->
      </class> <!-- UnitTest.AddDelegate -->
    </test> <!-- Test Add Delegate -->
    <test started-at="2021-03-31T07:42:13 CST" name="Test Submit All Review - YES" finished-at="2021-03-31T07:43:55 CST" duration-ms="102350">
      <class name="UnitTest.SubmitNewReviewAllYes">
        <test-method is-config="true" signature="openBrowser()[pri:0, instance:UnitTest.SubmitNewReviewAllYes@5a955565]" started-at="2021-03-31T07:42:13 CST" name="openBrowser" finished-at="2021-03-31T07:42:19 CST" duration-ms="5995" status="PASS">
          <reporter-output>
          </reporter-output>
        </test-method> <!-- openBrowser -->
        <test-method signature="TestSubmitNewReview()[pri:1, instance:UnitTest.SubmitNewReviewAllYes@5a955565]" started-at="2021-03-31T07:42:19 CST" name="TestSubmitNewReview" finished-at="2021-03-31T07:43:55 CST" duration-ms="96354" status="PASS">
          <reporter-output>
          </reporter-output>
        </test-method> <!-- TestSubmitNewReview -->
      </class> <!-- UnitTest.SubmitNewReviewAllYes -->
    </test> <!-- Test Submit All Review - YES -->
  </suite> <!-- ExecuteTests -->
</testng-results>
