<?xml version="1.0" encoding="UTF-8"?>
<testng-results ignored="0" total="1" passed="1" failed="0" skipped="0">
  <reporter-output>
  </reporter-output>
  <suite started-at="2021-03-31T13:55:40 CST" name="Default suite" finished-at="2021-03-31T13:56:56 CST" duration-ms="76885">
    <groups>
    </groups>
    <test started-at="2021-03-31T13:55:40 CST" name="Default test" finished-at="2021-03-31T13:56:56 CST" duration-ms="76885">
      <class name="UnitTest.SubmitNewReviewAllYes">
        <test-method is-config="true" signature="openBrowser()[pri:0, instance:UnitTest.SubmitNewReviewAllYes@6af93788]" started-at="2021-03-31T13:55:40 CST" name="openBrowser" finished-at="2021-03-31T13:55:44 CST" duration-ms="4258" status="PASS">
          <reporter-output>
          </reporter-output>
        </test-method> <!-- openBrowser -->
        <test-method signature="TestSubmitNewReview()[pri:1, instance:UnitTest.SubmitNewReviewAllYes@6af93788]" started-at="2021-03-31T13:55:44 CST" name="TestSubmitNewReview" finished-at="2021-03-31T13:56:56 CST" duration-ms="72598" status="PASS">
          <reporter-output>
          </reporter-output>
        </test-method> <!-- TestSubmitNewReview -->
      </class> <!-- UnitTest.SubmitNewReviewAllYes -->
    </test> <!-- Default test -->
  </suite> <!-- Default suite -->
</testng-results>
