<?xml version="1.0" encoding="UTF-8"?>
<testng-results ignored="0" total="1" passed="1" failed="0" skipped="0">
  <reporter-output>
  </reporter-output>
  <suite started-at="2021-07-12T23:04:32 CST" name="Default suite" finished-at="2021-07-12T23:04:48 CST" duration-ms="15192">
    <groups>
    </groups>
    <test started-at="2021-07-12T23:04:32 CST" name="Default test" finished-at="2021-07-12T23:04:48 CST" duration-ms="15192">
      <class name="UnitTest.TestEmail">
        <test-method signature="TestOutlookEmail()[pri:0, instance:UnitTest.TestEmail@2ea227af]" started-at="2021-07-12T23:04:32 CST" name="TestOutlookEmail" finished-at="2021-07-12T23:04:48 CST" duration-ms="15167" status="PASS">
          <reporter-output>
          </reporter-output>
        </test-method> <!-- TestOutlookEmail -->
      </class> <!-- UnitTest.TestEmail -->
    </test> <!-- Default test -->
  </suite> <!-- Default suite -->
</testng-results>
